<?xml version="1.0" encoding="UTF-8"?>
<coverage generated="1740560675581" clover="3.2.0">
  <project timestamp="1740560675581" name="All files">
    <metrics statements="266" coveredstatements="208" conditionals="46" coveredconditionals="29" methods="77" coveredmethods="53" elements="389" coveredelements="290" complexity="0" loc="266" ncloc="266" packages="10" files="21" classes="21"/>
    <package name="_site.components">
      <metrics statements="15" coveredstatements="11" conditionals="4" coveredconditionals="1" methods="5" coveredmethods="3"/>
      <file name="Footer.js" path="/Users/jaryl/cs4218-2420-ecom-project-team24/client/src/_site/components/Footer.js">
        <metrics statements="2" coveredstatements="2" conditionals="0" coveredconditionals="0" methods="1" coveredmethods="1"/>
        <line num="4" count="2" type="stmt"/>
        <line num="5" count="27" type="stmt"/>
      </file>
      <file name="Header.js" path="/Users/jaryl/cs4218-2420-ecom-project-team24/client/src/_site/components/Header.js">
        <metrics statements="10" coveredstatements="6" conditionals="4" coveredconditionals="1" methods="3" coveredmethods="1"/>
        <line num="10" count="2" type="stmt"/>
        <line num="11" count="27" type="stmt"/>
        <line num="12" count="27" type="stmt"/>
        <line num="13" count="27" type="stmt"/>
        <line num="14" count="27" type="stmt"/>
        <line num="15" count="0" type="stmt"/>
        <line num="20" count="0" type="stmt"/>
        <line num="21" count="0" type="stmt"/>
        <line num="23" count="27" type="stmt"/>
        <line num="64" count="0" type="stmt"/>
      </file>
      <file name="Layout.js" path="/Users/jaryl/cs4218-2420-ecom-project-team24/client/src/_site/components/Layout.js">
        <metrics statements="3" coveredstatements="3" conditionals="0" coveredconditionals="0" methods="1" coveredmethods="1"/>
        <line num="8" count="2" type="stmt"/>
        <line num="9" count="27" type="stmt"/>
        <line num="28" count="2" type="stmt"/>
      </file>
    </package>
    <package name="_site.components.Form">
      <metrics statements="12" coveredstatements="5" conditionals="0" coveredconditionals="0" methods="3" coveredmethods="1"/>
      <file name="SearchInput.js" path="/Users/jaryl/cs4218-2420-ecom-project-team24/client/src/_site/components/Form/SearchInput.js">
        <metrics statements="12" coveredstatements="5" conditionals="0" coveredconditionals="0" methods="3" coveredmethods="1"/>
        <line num="5" count="2" type="stmt"/>
        <line num="6" count="27" type="stmt"/>
        <line num="7" count="27" type="stmt"/>
        <line num="9" count="27" type="stmt"/>
        <line num="10" count="0" type="stmt"/>
        <line num="11" count="0" type="stmt"/>
        <line num="12" count="0" type="stmt"/>
        <line num="15" count="0" type="stmt"/>
        <line num="16" count="0" type="stmt"/>
        <line num="18" count="0" type="stmt"/>
        <line num="21" count="27" type="stmt"/>
        <line num="30" count="0" type="stmt"/>
      </file>
    </package>
    <package name="_site.hooks">
      <metrics statements="9" coveredstatements="8" conditionals="0" coveredconditionals="0" methods="3" coveredmethods="3"/>
      <file name="useCategory.js" path="/Users/jaryl/cs4218-2420-ecom-project-team24/client/src/_site/hooks/useCategory.js">
        <metrics statements="9" coveredstatements="8" conditionals="0" coveredconditionals="0" methods="3" coveredmethods="3"/>
        <line num="5" count="27" type="stmt"/>
        <line num="8" count="27" type="stmt"/>
        <line num="9" count="7" type="stmt"/>
        <line num="10" count="7" type="stmt"/>
        <line num="11" count="0" type="stmt"/>
        <line num="13" count="7" type="stmt"/>
        <line num="17" count="27" type="stmt"/>
        <line num="18" count="7" type="stmt"/>
        <line num="21" count="27" type="stmt"/>
      </file>
    </package>
    <package name="_site.pages.Auth">
      <metrics statements="49" coveredstatements="46" conditionals="12" coveredconditionals="10" methods="14" coveredmethods="13"/>
      <file name="Login.js" path="/Users/jaryl/cs4218-2420-ecom-project-team24/client/src/_site/pages/Auth/Login.js">
        <metrics statements="22" coveredstatements="20" conditionals="8" coveredconditionals="7" methods="5" coveredmethods="4"/>
        <line num="9" count="1" type="stmt"/>
        <line num="10" count="11" type="stmt"/>
        <line num="11" count="11" type="stmt"/>
        <line num="12" count="11" type="stmt"/>
        <line num="15" count="11" type="stmt"/>
        <line num="16" count="11" type="stmt"/>
        <line num="20" count="11" type="stmt"/>
        <line num="21" count="2" type="stmt"/>
        <line num="22" count="2" type="stmt"/>
        <line num="23" count="2" type="stmt"/>
        <line num="27" count="1" type="cond" truecount="3" falsecount="1"/>
        <line num="28" count="1" type="cond" truecount="2" falsecount="0"/>
        <line num="36" count="1" type="stmt"/>
        <line num="41" count="1" type="stmt"/>
        <line num="42" count="1" type="cond" truecount="2" falsecount="0"/>
        <line num="44" count="0" type="stmt"/>
        <line num="47" count="1" type="stmt"/>
        <line num="48" count="1" type="stmt"/>
        <line num="51" count="11" type="stmt"/>
        <line num="62" count="3" type="stmt"/>
        <line num="73" count="3" type="stmt"/>
        <line num="85" count="0" type="stmt"/>
      </file>
      <file name="Register.js" path="/Users/jaryl/cs4218-2420-ecom-project-team24/client/src/_site/pages/Auth/Register.js">
        <metrics statements="27" coveredstatements="26" conditionals="4" coveredconditionals="3" methods="9" coveredmethods="9"/>
        <line num="7" count="1" type="stmt"/>
        <line num="8" count="16" type="stmt"/>
        <line num="9" count="16" type="stmt"/>
        <line num="10" count="16" type="stmt"/>
        <line num="11" count="16" type="stmt"/>
        <line num="12" count="16" type="stmt"/>
        <line num="13" count="16" type="stmt"/>
        <line num="14" count="16" type="stmt"/>
        <line num="15" count="16" type="stmt"/>
        <line num="18" count="16" type="stmt"/>
        <line num="19" count="2" type="stmt"/>
        <line num="20" count="2" type="stmt"/>
        <line num="21" count="2" type="stmt"/>
        <line num="30" count="1" type="cond" truecount="3" falsecount="1"/>
        <line num="31" count="1" type="stmt"/>
        <line num="32" count="1" type="stmt"/>
        <line num="34" count="0" type="stmt"/>
        <line num="37" count="1" type="stmt"/>
        <line num="38" count="1" type="stmt"/>
        <line num="42" count="16" type="stmt"/>
        <line num="51" count="2" type="stmt"/>
        <line num="63" count="2" type="stmt"/>
        <line num="74" count="2" type="stmt"/>
        <line num="85" count="2" type="stmt"/>
        <line num="96" count="2" type="stmt"/>
        <line num="107" count="2" type="stmt"/>
        <line num="118" count="2" type="stmt"/>
      </file>
    </package>
    <package name="components">
      <metrics statements="17" coveredstatements="13" conditionals="4" coveredconditionals="1" methods="6" coveredmethods="4"/>
      <file name="AdminMenu.js" path="/Users/jaryl/cs4218-2420-ecom-project-team24/client/src/components/AdminMenu.js">
        <metrics statements="2" coveredstatements="2" conditionals="0" coveredconditionals="0" methods="1" coveredmethods="1"/>
        <line num="3" count="3" type="stmt"/>
        <line num="4" count="48" type="stmt"/>
      </file>
      <file name="Footer.js" path="/Users/jaryl/cs4218-2420-ecom-project-team24/client/src/components/Footer.js">
        <metrics statements="2" coveredstatements="2" conditionals="0" coveredconditionals="0" methods="1" coveredmethods="1"/>
        <line num="4" count="4" type="stmt"/>
        <line num="5" count="72" type="stmt"/>
      </file>
      <file name="Header.js" path="/Users/jaryl/cs4218-2420-ecom-project-team24/client/src/components/Header.js">
        <metrics statements="10" coveredstatements="6" conditionals="4" coveredconditionals="1" methods="3" coveredmethods="1"/>
        <line num="10" count="4" type="stmt"/>
        <line num="11" count="83" type="stmt"/>
        <line num="12" count="83" type="stmt"/>
        <line num="13" count="62" type="stmt"/>
        <line num="14" count="62" type="stmt"/>
        <line num="15" count="0" type="stmt"/>
        <line num="20" count="0" type="stmt"/>
        <line num="21" count="0" type="stmt"/>
        <line num="23" count="62" type="stmt"/>
        <line num="64" count="0" type="stmt"/>
      </file>
      <file name="Layout.js" path="/Users/jaryl/cs4218-2420-ecom-project-team24/client/src/components/Layout.js">
        <metrics statements="3" coveredstatements="3" conditionals="0" coveredconditionals="0" methods="1" coveredmethods="1"/>
        <line num="8" count="4" type="stmt"/>
        <line num="9" count="72" type="stmt"/>
        <line num="28" count="4" type="stmt"/>
      </file>
    </package>
    <package name="components.Form">
      <metrics statements="15" coveredstatements="8" conditionals="0" coveredconditionals="0" methods="5" coveredmethods="3"/>
      <file name="CategoryForm.js" path="/Users/jaryl/cs4218-2420-ecom-project-team24/client/src/components/Form/CategoryForm.js">
        <metrics statements="3" coveredstatements="3" conditionals="0" coveredconditionals="0" methods="2" coveredmethods="2"/>
        <line num="3" count="1" type="stmt"/>
        <line num="4" count="44" type="stmt"/>
        <line num="13" count="7" type="stmt"/>
      </file>
      <file name="SearchInput.js" path="/Users/jaryl/cs4218-2420-ecom-project-team24/client/src/components/Form/SearchInput.js">
        <metrics statements="12" coveredstatements="5" conditionals="0" coveredconditionals="0" methods="3" coveredmethods="1"/>
        <line num="5" count="4" type="stmt"/>
        <line num="6" count="62" type="stmt"/>
        <line num="7" count="62" type="stmt"/>
        <line num="9" count="62" type="stmt"/>
        <line num="10" count="0" type="stmt"/>
        <line num="11" count="0" type="stmt"/>
        <line num="12" count="0" type="stmt"/>
        <line num="15" count="0" type="stmt"/>
        <line num="16" count="0" type="stmt"/>
        <line num="18" count="0" type="stmt"/>
        <line num="21" count="62" type="stmt"/>
        <line num="30" count="0" type="stmt"/>
      </file>
    </package>
    <package name="context">
      <metrics statements="13" coveredstatements="6" conditionals="2" coveredconditionals="0" methods="5" coveredmethods="1"/>
      <file name="cart.js" path="/Users/jaryl/cs4218-2420-ecom-project-team24/client/src/context/cart.js">
        <metrics statements="8" coveredstatements="3" conditionals="2" coveredconditionals="0" methods="3" coveredmethods="1"/>
        <line num="3" count="1" type="stmt"/>
        <line num="4" count="1" type="stmt"/>
        <line num="5" count="0" type="stmt"/>
        <line num="7" count="0" type="stmt"/>
        <line num="8" count="0" type="stmt"/>
        <line num="9" count="0" type="cond" truecount="0" falsecount="2"/>
        <line num="12" count="0" type="stmt"/>
        <line num="20" count="21" type="stmt"/>
      </file>
      <file name="search.js" path="/Users/jaryl/cs4218-2420-ecom-project-team24/client/src/context/search.js">
        <metrics statements="5" coveredstatements="3" conditionals="0" coveredconditionals="0" methods="2" coveredmethods="0"/>
        <line num="3" count="1" type="stmt"/>
        <line num="4" count="1" type="stmt"/>
        <line num="5" count="0" type="stmt"/>
        <line num="10" count="0" type="stmt"/>
        <line num="18" count="1" type="stmt"/>
      </file>
    </package>
    <package name="hooks">
      <metrics statements="9" coveredstatements="0" conditionals="0" coveredconditionals="0" methods="3" coveredmethods="0"/>
      <file name="useCategory.js" path="/Users/jaryl/cs4218-2420-ecom-project-team24/client/src/hooks/useCategory.js">
        <metrics statements="9" coveredstatements="0" conditionals="0" coveredconditionals="0" methods="3" coveredmethods="0"/>
        <line num="5" count="0" type="stmt"/>
        <line num="8" count="0" type="stmt"/>
        <line num="9" count="0" type="stmt"/>
        <line num="10" count="0" type="stmt"/>
        <line num="11" count="0" type="stmt"/>
        <line num="13" count="0" type="stmt"/>
        <line num="17" count="0" type="stmt"/>
        <line num="18" count="0" type="stmt"/>
        <line num="21" count="0" type="stmt"/>
      </file>
    </package>
    <package name="pages.Auth">
      <metrics statements="49" coveredstatements="46" conditionals="12" coveredconditionals="10" methods="14" coveredmethods="13"/>
      <file name="Login.js" path="/Users/jaryl/cs4218-2420-ecom-project-team24/client/src/pages/Auth/Login.js">
        <metrics statements="22" coveredstatements="20" conditionals="8" coveredconditionals="7" methods="5" coveredmethods="4"/>
        <line num="9" count="1" type="stmt"/>
        <line num="10" count="11" type="stmt"/>
        <line num="11" count="11" type="stmt"/>
        <line num="12" count="11" type="stmt"/>
        <line num="15" count="11" type="stmt"/>
        <line num="16" count="11" type="stmt"/>
        <line num="20" count="11" type="stmt"/>
        <line num="21" count="2" type="stmt"/>
        <line num="22" count="2" type="stmt"/>
        <line num="23" count="2" type="stmt"/>
        <line num="27" count="1" type="cond" truecount="3" falsecount="1"/>
        <line num="28" count="1" type="cond" truecount="2" falsecount="0"/>
        <line num="36" count="1" type="stmt"/>
        <line num="41" count="1" type="stmt"/>
        <line num="42" count="1" type="cond" truecount="2" falsecount="0"/>
        <line num="44" count="0" type="stmt"/>
        <line num="47" count="1" type="stmt"/>
        <line num="48" count="1" type="stmt"/>
        <line num="51" count="11" type="stmt"/>
        <line num="62" count="3" type="stmt"/>
        <line num="73" count="3" type="stmt"/>
        <line num="85" count="0" type="stmt"/>
      </file>
      <file name="Register.js" path="/Users/jaryl/cs4218-2420-ecom-project-team24/client/src/pages/Auth/Register.js">
        <metrics statements="27" coveredstatements="26" conditionals="4" coveredconditionals="3" methods="9" coveredmethods="9"/>
        <line num="7" count="1" type="stmt"/>
        <line num="8" count="16" type="stmt"/>
        <line num="9" count="16" type="stmt"/>
        <line num="10" count="16" type="stmt"/>
        <line num="11" count="16" type="stmt"/>
        <line num="12" count="16" type="stmt"/>
        <line num="13" count="16" type="stmt"/>
        <line num="14" count="16" type="stmt"/>
        <line num="15" count="16" type="stmt"/>
        <line num="18" count="16" type="stmt"/>
        <line num="19" count="2" type="stmt"/>
        <line num="20" count="2" type="stmt"/>
        <line num="21" count="2" type="stmt"/>
        <line num="30" count="1" type="cond" truecount="3" falsecount="1"/>
        <line num="31" count="1" type="stmt"/>
        <line num="32" count="1" type="stmt"/>
        <line num="34" count="0" type="stmt"/>
        <line num="37" count="1" type="stmt"/>
        <line num="38" count="1" type="stmt"/>
        <line num="42" count="16" type="stmt"/>
        <line num="51" count="2" type="stmt"/>
        <line num="63" count="2" type="stmt"/>
        <line num="74" count="2" type="stmt"/>
        <line num="85" count="2" type="stmt"/>
        <line num="96" count="2" type="stmt"/>
        <line num="107" count="2" type="stmt"/>
        <line num="118" count="2" type="stmt"/>
      </file>
    </package>
    <package name="pages.admin">
      <metrics statements="78" coveredstatements="65" conditionals="12" coveredconditionals="7" methods="19" coveredmethods="12"/>
      <file name="AdminDashboard.js" path="/Users/jaryl/cs4218-2420-ecom-project-team24/client/src/pages/admin/AdminDashboard.js">
        <metrics statements="3" coveredstatements="3" conditionals="0" coveredconditionals="0" methods="1" coveredmethods="1"/>
        <line num="6" count="1" type="stmt"/>
        <line num="7" count="5" type="stmt"/>
        <line num="8" count="5" type="stmt"/>
      </file>
      <file name="AdminOrders.js" path="/Users/jaryl/cs4218-2420-ecom-project-team24/client/src/pages/admin/AdminOrders.js">
        <metrics statements="23" coveredstatements="10" conditionals="4" coveredconditionals="0" methods="8" coveredmethods="1"/>
        <line num="9" count="1" type="stmt"/>
        <line num="11" count="1" type="stmt"/>
        <line num="12" count="11" type="stmt"/>
        <line num="19" count="10" type="stmt"/>
        <line num="20" count="10" type="stmt"/>
        <line num="21" count="10" type="stmt"/>
        <line num="22" count="10" type="stmt"/>
        <line num="23" count="0" type="stmt"/>
        <line num="24" count="0" type="stmt"/>
        <line num="25" count="0" type="stmt"/>
        <line num="27" count="0" type="stmt"/>
        <line num="31" count="10" type="stmt"/>
        <line num="32" count="0" type="cond" truecount="0" falsecount="2"/>
        <line num="35" count="10" type="stmt"/>
        <line num="36" count="0" type="stmt"/>
        <line num="37" count="0" type="stmt"/>
        <line num="40" count="0" type="stmt"/>
        <line num="42" count="0" type="stmt"/>
        <line num="45" count="10" type="stmt"/>
        <line num="54" count="0" type="stmt"/>
        <line num="73" count="0" type="stmt"/>
        <line num="77" count="0" type="stmt"/>
        <line num="92" count="0" type="stmt"/>
      </file>
      <file name="CreateCategory.js" path="/Users/jaryl/cs4218-2420-ecom-project-team24/client/src/pages/admin/CreateCategory.js">
        <metrics statements="52" coveredstatements="52" conditionals="8" coveredconditionals="7" methods="10" coveredmethods="10"/>
        <line num="8" count="1" type="stmt"/>
        <line num="9" count="36" type="stmt"/>
        <line num="10" count="35" type="stmt"/>
        <line num="11" count="35" type="stmt"/>
        <line num="12" count="35" type="stmt"/>
        <line num="13" count="35" type="stmt"/>
        <line num="15" count="35" type="stmt"/>
        <line num="16" count="3" type="stmt"/>
        <line num="17" count="3" type="stmt"/>
        <line num="18" count="3" type="stmt"/>
        <line num="21" count="2" type="cond" truecount="2" falsecount="0"/>
        <line num="22" count="1" type="stmt"/>
        <line num="23" count="1" type="stmt"/>
        <line num="25" count="1" type="stmt"/>
        <line num="28" count="1" type="stmt"/>
        <line num="29" count="1" type="stmt"/>
        <line num="34" count="35" type="stmt"/>
        <line num="35" count="16" type="stmt"/>
        <line num="36" count="16" type="stmt"/>
        <line num="37" count="10" type="cond" truecount="1" falsecount="1"/>
        <line num="38" count="10" type="stmt"/>
        <line num="41" count="6" type="stmt"/>
        <line num="42" count="6" type="stmt"/>
        <line num="46" count="35" type="stmt"/>
        <line num="47" count="13" type="stmt"/>
        <line num="51" count="35" type="stmt"/>
        <line num="52" count="4" type="stmt"/>
        <line num="53" count="4" type="stmt"/>
        <line num="54" count="4" type="stmt"/>
        <line num="58" count="2" type="cond" truecount="2" falsecount="0"/>
        <line num="59" count="1" type="stmt"/>
        <line num="60" count="1" type="stmt"/>
        <line num="61" count="1" type="stmt"/>
        <line num="62" count="1" type="stmt"/>
        <line num="63" count="1" type="stmt"/>
        <line num="65" count="1" type="stmt"/>
        <line num="68" count="2" type="stmt"/>
        <line num="72" count="35" type="stmt"/>
        <line num="73" count="3" type="stmt"/>
        <line num="74" count="3" type="stmt"/>
        <line num="77" count="2" type="cond" truecount="2" falsecount="0"/>
        <line num="78" count="1" type="stmt"/>
        <line num="80" count="1" type="stmt"/>
        <line num="82" count="1" type="stmt"/>
        <line num="85" count="1" type="stmt"/>
        <line num="88" count="35" type="stmt"/>
        <line num="114" count="20" type="stmt"/>
        <line num="121" count="5" type="stmt"/>
        <line num="122" count="5" type="stmt"/>
        <line num="123" count="5" type="stmt"/>
        <line num="131" count="3" type="stmt"/>
        <line num="144" count="1" type="stmt"/>
      </file>
    </package>
  </project>
</coverage>
