{"/Users/jamietan/cs4218-2420-ecom-project-team06/controllers/authController.js": {"path":"/Users/jamietan/cs4218-2420-ecom-project-team06/controllers/authController.js","statementMap":{"0":{"start":{"line":7,"column":34},"end":{"line":68,"column":1}},"1":{"start":{"line":8,"column":2},"end":{"line":67,"column":3}},"2":{"start":{"line":9,"column":62},"end":{"line":9,"column":70}},"3":{"start":{"line":11,"column":4},"end":{"line":13,"column":5}},"4":{"start":{"line":12,"column":6},"end":{"line":12,"column":53}},"5":{"start":{"line":14,"column":4},"end":{"line":16,"column":5}},"6":{"start":{"line":15,"column":6},"end":{"line":15,"column":56}},"7":{"start":{"line":18,"column":23},"end":{"line":18,"column":51}},"8":{"start":{"line":19,"column":4},"end":{"line":21,"column":5}},"9":{"start":{"line":20,"column":6},"end":{"line":20,"column":59}},"10":{"start":{"line":22,"column":4},"end":{"line":24,"column":5}},"11":{"start":{"line":23,"column":6},"end":{"line":23,"column":59}},"12":{"start":{"line":25,"column":4},"end":{"line":27,"column":5}},"13":{"start":{"line":26,"column":6},"end":{"line":26,"column":59}},"14":{"start":{"line":28,"column":4},"end":{"line":30,"column":5}},"15":{"start":{"line":29,"column":6},"end":{"line":29,"column":58}},"16":{"start":{"line":31,"column":4},"end":{"line":33,"column":5}},"17":{"start":{"line":32,"column":6},"end":{"line":32,"column":57}},"18":{"start":{"line":35,"column":26},"end":{"line":35,"column":60}},"19":{"start":{"line":37,"column":4},"end":{"line":42,"column":5}},"20":{"start":{"line":38,"column":6},"end":{"line":41,"column":9}},"21":{"start":{"line":44,"column":27},"end":{"line":44,"column":55}},"22":{"start":{"line":46,"column":17},"end":{"line":53,"column":13}},"23":{"start":{"line":55,"column":4},"end":{"line":59,"column":7}},"24":{"start":{"line":61,"column":4},"end":{"line":61,"column":23}},"25":{"start":{"line":62,"column":4},"end":{"line":66,"column":7}},"26":{"start":{"line":71,"column":31},"end":{"line":121,"column":1}},"27":{"start":{"line":72,"column":2},"end":{"line":120,"column":3}},"28":{"start":{"line":73,"column":32},"end":{"line":73,"column":40}},"29":{"start":{"line":75,"column":4},"end":{"line":80,"column":5}},"30":{"start":{"line":76,"column":6},"end":{"line":79,"column":9}},"31":{"start":{"line":82,"column":17},"end":{"line":82,"column":51}},"32":{"start":{"line":83,"column":4},"end":{"line":88,"column":5}},"33":{"start":{"line":84,"column":6},"end":{"line":87,"column":9}},"34":{"start":{"line":89,"column":18},"end":{"line":89,"column":64}},"35":{"start":{"line":90,"column":4},"end":{"line":95,"column":5}},"36":{"start":{"line":91,"column":6},"end":{"line":94,"column":9}},"37":{"start":{"line":97,"column":18},"end":{"line":99,"column":6}},"38":{"start":{"line":100,"column":4},"end":{"line":112,"column":7}},"39":{"start":{"line":114,"column":4},"end":{"line":114,"column":23}},"40":{"start":{"line":115,"column":4},"end":{"line":119,"column":7}},"41":{"start":{"line":125,"column":40},"end":{"line":160,"column":1}},"42":{"start":{"line":126,"column":2},"end":{"line":159,"column":3}},"43":{"start":{"line":127,"column":43},"end":{"line":127,"column":51}},"44":{"start":{"line":128,"column":4},"end":{"line":130,"column":5}},"45":{"start":{"line":129,"column":6},"end":{"line":129,"column":60}},"46":{"start":{"line":131,"column":4},"end":{"line":133,"column":5}},"47":{"start":{"line":132,"column":6},"end":{"line":132,"column":62}},"48":{"start":{"line":134,"column":4},"end":{"line":136,"column":5}},"49":{"start":{"line":135,"column":6},"end":{"line":135,"column":68}},"50":{"start":{"line":138,"column":17},"end":{"line":138,"column":59}},"51":{"start":{"line":140,"column":4},"end":{"line":145,"column":5}},"52":{"start":{"line":141,"column":6},"end":{"line":144,"column":9}},"53":{"start":{"line":146,"column":19},"end":{"line":146,"column":50}},"54":{"start":{"line":147,"column":4},"end":{"line":147,"column":70}},"55":{"start":{"line":148,"column":4},"end":{"line":151,"column":7}},"56":{"start":{"line":153,"column":4},"end":{"line":153,"column":23}},"57":{"start":{"line":154,"column":4},"end":{"line":158,"column":7}},"58":{"start":{"line":163,"column":30},"end":{"line":170,"column":1}},"59":{"start":{"line":164,"column":2},"end":{"line":169,"column":3}},"60":{"start":{"line":165,"column":4},"end":{"line":165,"column":33}},"61":{"start":{"line":167,"column":4},"end":{"line":167,"column":23}},"62":{"start":{"line":168,"column":4},"end":{"line":168,"column":24}},"63":{"start":{"line":173,"column":39},"end":{"line":205,"column":1}},"64":{"start":{"line":174,"column":2},"end":{"line":204,"column":3}},"65":{"start":{"line":175,"column":54},"end":{"line":175,"column":62}},"66":{"start":{"line":176,"column":17},"end":{"line":176,"column":55}},"67":{"start":{"line":178,"column":4},"end":{"line":180,"column":5}},"68":{"start":{"line":179,"column":6},"end":{"line":179,"column":79}},"69":{"start":{"line":181,"column":27},"end":{"line":181,"column":78}},"70":{"start":{"line":182,"column":24},"end":{"line":191,"column":5}},"71":{"start":{"line":192,"column":4},"end":{"line":196,"column":7}},"72":{"start":{"line":198,"column":4},"end":{"line":198,"column":23}},"73":{"start":{"line":199,"column":4},"end":{"line":203,"column":7}},"74":{"start":{"line":208,"column":35},"end":{"line":223,"column":1}},"75":{"start":{"line":209,"column":2},"end":{"line":222,"column":3}},"76":{"start":{"line":210,"column":19},"end":{"line":213,"column":32}},"77":{"start":{"line":214,"column":4},"end":{"line":214,"column":21}},"78":{"start":{"line":216,"column":4},"end":{"line":216,"column":23}},"79":{"start":{"line":217,"column":4},"end":{"line":221,"column":7}},"80":{"start":{"line":225,"column":38},"end":{"line":241,"column":1}},"81":{"start":{"line":226,"column":2},"end":{"line":240,"column":3}},"82":{"start":{"line":227,"column":19},"end":{"line":231,"column":30}},"83":{"start":{"line":232,"column":4},"end":{"line":232,"column":21}},"84":{"start":{"line":234,"column":4},"end":{"line":234,"column":23}},"85":{"start":{"line":235,"column":4},"end":{"line":239,"column":7}},"86":{"start":{"line":244,"column":37},"end":{"line":262,"column":1}},"87":{"start":{"line":245,"column":2},"end":{"line":261,"column":3}},"88":{"start":{"line":246,"column":24},"end":{"line":246,"column":34}},"89":{"start":{"line":247,"column":23},"end":{"line":247,"column":31}},"90":{"start":{"line":248,"column":19},"end":{"line":252,"column":5}},"91":{"start":{"line":253,"column":4},"end":{"line":253,"column":21}},"92":{"start":{"line":255,"column":4},"end":{"line":255,"column":23}},"93":{"start":{"line":256,"column":4},"end":{"line":260,"column":7}}},"fnMap":{"0":{"name":"(anonymous_0)","decl":{"start":{"line":7,"column":34},"end":{"line":7,"column":35}},"loc":{"start":{"line":7,"column":54},"end":{"line":68,"column":1}},"line":7},"1":{"name":"(anonymous_1)","decl":{"start":{"line":71,"column":31},"end":{"line":71,"column":32}},"loc":{"start":{"line":71,"column":51},"end":{"line":121,"column":1}},"line":71},"2":{"name":"(anonymous_2)","decl":{"start":{"line":125,"column":40},"end":{"line":125,"column":41}},"loc":{"start":{"line":125,"column":60},"end":{"line":160,"column":1}},"line":125},"3":{"name":"(anonymous_3)","decl":{"start":{"line":163,"column":30},"end":{"line":163,"column":31}},"loc":{"start":{"line":163,"column":44},"end":{"line":170,"column":1}},"line":163},"4":{"name":"(anonymous_4)","decl":{"start":{"line":173,"column":39},"end":{"line":173,"column":40}},"loc":{"start":{"line":173,"column":59},"end":{"line":205,"column":1}},"line":173},"5":{"name":"(anonymous_5)","decl":{"start":{"line":208,"column":35},"end":{"line":208,"column":36}},"loc":{"start":{"line":208,"column":55},"end":{"line":223,"column":1}},"line":208},"6":{"name":"(anonymous_6)","decl":{"start":{"line":225,"column":38},"end":{"line":225,"column":39}},"loc":{"start":{"line":225,"column":58},"end":{"line":241,"column":1}},"line":225},"7":{"name":"(anonymous_7)","decl":{"start":{"line":244,"column":37},"end":{"line":244,"column":38}},"loc":{"start":{"line":244,"column":57},"end":{"line":262,"column":1}},"line":244}},"branchMap":{"0":{"loc":{"start":{"line":11,"column":4},"end":{"line":13,"column":5}},"type":"if","locations":[{"start":{"line":11,"column":4},"end":{"line":13,"column":5}},{"start":{},"end":{}}],"line":11},"1":{"loc":{"start":{"line":14,"column":4},"end":{"line":16,"column":5}},"type":"if","locations":[{"start":{"line":14,"column":4},"end":{"line":16,"column":5}},{"start":{},"end":{}}],"line":14},"2":{"loc":{"start":{"line":19,"column":4},"end":{"line":21,"column":5}},"type":"if","locations":[{"start":{"line":19,"column":4},"end":{"line":21,"column":5}},{"start":{},"end":{}}],"line":19},"3":{"loc":{"start":{"line":22,"column":4},"end":{"line":24,"column":5}},"type":"if","locations":[{"start":{"line":22,"column":4},"end":{"line":24,"column":5}},{"start":{},"end":{}}],"line":22},"4":{"loc":{"start":{"line":25,"column":4},"end":{"line":27,"column":5}},"type":"if","locations":[{"start":{"line":25,"column":4},"end":{"line":27,"column":5}},{"start":{},"end":{}}],"line":25},"5":{"loc":{"start":{"line":28,"column":4},"end":{"line":30,"column":5}},"type":"if","locations":[{"start":{"line":28,"column":4},"end":{"line":30,"column":5}},{"start":{},"end":{}}],"line":28},"6":{"loc":{"start":{"line":31,"column":4},"end":{"line":33,"column":5}},"type":"if","locations":[{"start":{"line":31,"column":4},"end":{"line":33,"column":5}},{"start":{},"end":{}}],"line":31},"7":{"loc":{"start":{"line":37,"column":4},"end":{"line":42,"column":5}},"type":"if","locations":[{"start":{"line":37,"column":4},"end":{"line":42,"column":5}},{"start":{},"end":{}}],"line":37},"8":{"loc":{"start":{"line":75,"column":4},"end":{"line":80,"column":5}},"type":"if","locations":[{"start":{"line":75,"column":4},"end":{"line":80,"column":5}},{"start":{},"end":{}}],"line":75},"9":{"loc":{"start":{"line":75,"column":8},"end":{"line":75,"column":27}},"type":"binary-expr","locations":[{"start":{"line":75,"column":8},"end":{"line":75,"column":14}},{"start":{"line":75,"column":18},"end":{"line":75,"column":27}}],"line":75},"10":{"loc":{"start":{"line":83,"column":4},"end":{"line":88,"column":5}},"type":"if","locations":[{"start":{"line":83,"column":4},"end":{"line":88,"column":5}},{"start":{},"end":{}}],"line":83},"11":{"loc":{"start":{"line":90,"column":4},"end":{"line":95,"column":5}},"type":"if","locations":[{"start":{"line":90,"column":4},"end":{"line":95,"column":5}},{"start":{},"end":{}}],"line":90},"12":{"loc":{"start":{"line":128,"column":4},"end":{"line":130,"column":5}},"type":"if","locations":[{"start":{"line":128,"column":4},"end":{"line":130,"column":5}},{"start":{},"end":{}}],"line":128},"13":{"loc":{"start":{"line":131,"column":4},"end":{"line":133,"column":5}},"type":"if","locations":[{"start":{"line":131,"column":4},"end":{"line":133,"column":5}},{"start":{},"end":{}}],"line":131},"14":{"loc":{"start":{"line":134,"column":4},"end":{"line":136,"column":5}},"type":"if","locations":[{"start":{"line":134,"column":4},"end":{"line":136,"column":5}},{"start":{},"end":{}}],"line":134},"15":{"loc":{"start":{"line":140,"column":4},"end":{"line":145,"column":5}},"type":"if","locations":[{"start":{"line":140,"column":4},"end":{"line":145,"column":5}},{"start":{},"end":{}}],"line":140},"16":{"loc":{"start":{"line":178,"column":4},"end":{"line":180,"column":5}},"type":"if","locations":[{"start":{"line":178,"column":4},"end":{"line":180,"column":5}},{"start":{},"end":{}}],"line":178},"17":{"loc":{"start":{"line":178,"column":8},"end":{"line":178,"column":39}},"type":"binary-expr","locations":[{"start":{"line":178,"column":8},"end":{"line":178,"column":16}},{"start":{"line":178,"column":20},"end":{"line":178,"column":39}}],"line":178},"18":{"loc":{"start":{"line":181,"column":27},"end":{"line":181,"column":78}},"type":"cond-expr","locations":[{"start":{"line":181,"column":38},"end":{"line":181,"column":66}},{"start":{"line":181,"column":69},"end":{"line":181,"column":78}}],"line":181},"19":{"loc":{"start":{"line":185,"column":14},"end":{"line":185,"column":31}},"type":"binary-expr","locations":[{"start":{"line":185,"column":14},"end":{"line":185,"column":18}},{"start":{"line":185,"column":22},"end":{"line":185,"column":31}}],"line":185},"20":{"loc":{"start":{"line":186,"column":18},"end":{"line":186,"column":49}},"type":"binary-expr","locations":[{"start":{"line":186,"column":18},"end":{"line":186,"column":32}},{"start":{"line":186,"column":36},"end":{"line":186,"column":49}}],"line":186},"21":{"loc":{"start":{"line":187,"column":15},"end":{"line":187,"column":34}},"type":"binary-expr","locations":[{"start":{"line":187,"column":15},"end":{"line":187,"column":20}},{"start":{"line":187,"column":24},"end":{"line":187,"column":34}}],"line":187},"22":{"loc":{"start":{"line":188,"column":17},"end":{"line":188,"column":40}},"type":"binary-expr","locations":[{"start":{"line":188,"column":17},"end":{"line":188,"column":24}},{"start":{"line":188,"column":28},"end":{"line":188,"column":40}}],"line":188}},"s":{"0":1,"1":9,"2":9,"3":9,"4":1,"5":8,"6":1,"7":7,"8":7,"9":1,"10":6,"11":1,"12":5,"13":1,"14":4,"15":1,"16":3,"17":1,"18":2,"19":2,"20":1,"21":1,"22":1,"23":1,"24":0,"25":0,"26":1,"27":0,"28":0,"29":0,"30":0,"31":0,"32":0,"33":0,"34":0,"35":0,"36":0,"37":0,"38":0,"39":0,"40":0,"41":1,"42":0,"43":0,"44":0,"45":0,"46":0,"47":0,"48":0,"49":0,"50":0,"51":0,"52":0,"53":0,"54":0,"55":0,"56":0,"57":0,"58":1,"59":0,"60":0,"61":0,"62":0,"63":1,"64":0,"65":0,"66":0,"67":0,"68":0,"69":0,"70":0,"71":0,"72":0,"73":0,"74":1,"75":0,"76":0,"77":0,"78":0,"79":0,"80":1,"81":0,"82":0,"83":0,"84":0,"85":0,"86":1,"87":0,"88":0,"89":0,"90":0,"91":0,"92":0,"93":0},"f":{"0":9,"1":0,"2":0,"3":0,"4":0,"5":0,"6":0,"7":0},"b":{"0":[1,8],"1":[1,7],"2":[1,6],"3":[1,5],"4":[1,4],"5":[1,3],"6":[1,2],"7":[1,1],"8":[0,0],"9":[0,0],"10":[0,0],"11":[0,0],"12":[0,0],"13":[0,0],"14":[0,0],"15":[0,0],"16":[0,0],"17":[0,0],"18":[0,0],"19":[0,0],"20":[0,0],"21":[0,0],"22":[0,0]},"_coverageSchema":"1a1c01bbd47fc00a2c39e90264f33305004495a9","hash":"9fe7e51c28bd948cf74ad2ea189bd72f000437f4"}
,"/Users/jamietan/cs4218-2420-ecom-project-team06/controllers/categoryController.js": {"path":"/Users/jamietan/cs4218-2420-ecom-project-team06/controllers/categoryController.js","statementMap":{"0":{"start":{"line":3,"column":40},"end":{"line":33,"column":1}},"1":{"start":{"line":4,"column":2},"end":{"line":32,"column":3}},"2":{"start":{"line":5,"column":21},"end":{"line":5,"column":29}},"3":{"start":{"line":6,"column":4},"end":{"line":8,"column":5}},"4":{"start":{"line":7,"column":6},"end":{"line":7,"column":67}},"5":{"start":{"line":9,"column":29},"end":{"line":9,"column":79}},"6":{"start":{"line":10,"column":4},"end":{"line":15,"column":5}},"7":{"start":{"line":11,"column":6},"end":{"line":14,"column":9}},"8":{"start":{"line":16,"column":21},"end":{"line":19,"column":6}},"9":{"start":{"line":20,"column":4},"end":{"line":24,"column":7}},"10":{"start":{"line":26,"column":4},"end":{"line":26,"column":23}},"11":{"start":{"line":27,"column":4},"end":{"line":31,"column":7}},"12":{"start":{"line":36,"column":40},"end":{"line":72,"column":1}},"13":{"start":{"line":37,"column":2},"end":{"line":71,"column":3}},"14":{"start":{"line":38,"column":21},"end":{"line":38,"column":29}},"15":{"start":{"line":39,"column":4},"end":{"line":43,"column":5}},"16":{"start":{"line":40,"column":6},"end":{"line":42,"column":9}},"17":{"start":{"line":44,"column":19},"end":{"line":44,"column":29}},"18":{"start":{"line":45,"column":21},"end":{"line":49,"column":5}},"19":{"start":{"line":51,"column":4},"end":{"line":57,"column":5}},"20":{"start":{"line":52,"column":6},"end":{"line":55,"column":9}},"21":{"start":{"line":56,"column":6},"end":{"line":56,"column":13}},"22":{"start":{"line":59,"column":4},"end":{"line":63,"column":7}},"23":{"start":{"line":65,"column":4},"end":{"line":65,"column":23}},"24":{"start":{"line":66,"column":4},"end":{"line":70,"column":7}},"25":{"start":{"line":75,"column":35},"end":{"line":91,"column":1}},"26":{"start":{"line":76,"column":2},"end":{"line":90,"column":3}},"27":{"start":{"line":77,"column":21},"end":{"line":77,"column":49}},"28":{"start":{"line":78,"column":4},"end":{"line":82,"column":7}},"29":{"start":{"line":84,"column":4},"end":{"line":84,"column":23}},"30":{"start":{"line":85,"column":4},"end":{"line":89,"column":7}},"31":{"start":{"line":94,"column":40},"end":{"line":110,"column":1}},"32":{"start":{"line":95,"column":2},"end":{"line":109,"column":3}},"33":{"start":{"line":96,"column":21},"end":{"line":96,"column":75}},"34":{"start":{"line":97,"column":4},"end":{"line":101,"column":7}},"35":{"start":{"line":103,"column":4},"end":{"line":103,"column":23}},"36":{"start":{"line":104,"column":4},"end":{"line":108,"column":7}},"37":{"start":{"line":113,"column":40},"end":{"line":136,"column":1}},"38":{"start":{"line":114,"column":2},"end":{"line":135,"column":3}},"39":{"start":{"line":115,"column":19},"end":{"line":115,"column":29}},"40":{"start":{"line":116,"column":28},"end":{"line":116,"column":69}},"41":{"start":{"line":117,"column":4},"end":{"line":127,"column":5}},"42":{"start":{"line":118,"column":6},"end":{"line":121,"column":9}},"43":{"start":{"line":123,"column":6},"end":{"line":126,"column":8}},"44":{"start":{"line":129,"column":4},"end":{"line":129,"column":23}},"45":{"start":{"line":130,"column":4},"end":{"line":134,"column":7}}},"fnMap":{"0":{"name":"(anonymous_0)","decl":{"start":{"line":3,"column":40},"end":{"line":3,"column":41}},"loc":{"start":{"line":3,"column":60},"end":{"line":33,"column":1}},"line":3},"1":{"name":"(anonymous_1)","decl":{"start":{"line":36,"column":40},"end":{"line":36,"column":41}},"loc":{"start":{"line":36,"column":60},"end":{"line":72,"column":1}},"line":36},"2":{"name":"(anonymous_2)","decl":{"start":{"line":75,"column":35},"end":{"line":75,"column":36}},"loc":{"start":{"line":75,"column":55},"end":{"line":91,"column":1}},"line":75},"3":{"name":"(anonymous_3)","decl":{"start":{"line":94,"column":40},"end":{"line":94,"column":41}},"loc":{"start":{"line":94,"column":60},"end":{"line":110,"column":1}},"line":94},"4":{"name":"(anonymous_4)","decl":{"start":{"line":113,"column":40},"end":{"line":113,"column":41}},"loc":{"start":{"line":113,"column":60},"end":{"line":136,"column":1}},"line":113}},"branchMap":{"0":{"loc":{"start":{"line":6,"column":4},"end":{"line":8,"column":5}},"type":"if","locations":[{"start":{"line":6,"column":4},"end":{"line":8,"column":5}},{"start":{},"end":{}}],"line":6},"1":{"loc":{"start":{"line":10,"column":4},"end":{"line":15,"column":5}},"type":"if","locations":[{"start":{"line":10,"column":4},"end":{"line":15,"column":5}},{"start":{},"end":{}}],"line":10},"2":{"loc":{"start":{"line":39,"column":4},"end":{"line":43,"column":5}},"type":"if","locations":[{"start":{"line":39,"column":4},"end":{"line":43,"column":5}},{"start":{},"end":{}}],"line":39},"3":{"loc":{"start":{"line":51,"column":4},"end":{"line":57,"column":5}},"type":"if","locations":[{"start":{"line":51,"column":4},"end":{"line":57,"column":5}},{"start":{},"end":{}}],"line":51},"4":{"loc":{"start":{"line":117,"column":4},"end":{"line":127,"column":5}},"type":"if","locations":[{"start":{"line":117,"column":4},"end":{"line":127,"column":5}},{"start":{"line":122,"column":11},"end":{"line":127,"column":5}}],"line":117}},"s":{"0":1,"1":4,"2":4,"3":4,"4":1,"5":3,"6":2,"7":1,"8":1,"9":1,"10":1,"11":1,"12":1,"13":4,"14":4,"15":4,"16":1,"17":3,"18":3,"19":2,"20":1,"21":1,"22":1,"23":1,"24":1,"25":1,"26":3,"27":3,"28":2,"29":1,"30":1,"31":1,"32":2,"33":2,"34":1,"35":1,"36":1,"37":1,"38":3,"39":3,"40":3,"41":2,"42":1,"43":1,"44":1,"45":1},"f":{"0":4,"1":4,"2":3,"3":2,"4":3},"b":{"0":[1,3],"1":[1,1],"2":[1,3],"3":[1,1],"4":[1,1]},"_coverageSchema":"1a1c01bbd47fc00a2c39e90264f33305004495a9","hash":"d515fe5a1f3be51b8258c7f64a37348f37809779"}
,"/Users/jamietan/cs4218-2420-ecom-project-team06/controllers/productController.js": {"path":"/Users/jamietan/cs4218-2420-ecom-project-team06/controllers/productController.js","statementMap":{"0":{"start":{"line":10,"column":0},"end":{"line":10,"column":16}},"1":{"start":{"line":13,"column":14},"end":{"line":18,"column":2}},"2":{"start":{"line":20,"column":39},"end":{"line":62,"column":1}},"3":{"start":{"line":21,"column":2},"end":{"line":61,"column":3}},"4":{"start":{"line":23,"column":6},"end":{"line":23,"column":16}},"5":{"start":{"line":24,"column":22},"end":{"line":24,"column":31}},"6":{"start":{"line":26,"column":4},"end":{"line":41,"column":5}},"7":{"start":{"line":28,"column":8},"end":{"line":28,"column":67}},"8":{"start":{"line":30,"column":8},"end":{"line":30,"column":74}},"9":{"start":{"line":32,"column":8},"end":{"line":32,"column":68}},"10":{"start":{"line":34,"column":8},"end":{"line":34,"column":71}},"11":{"start":{"line":36,"column":8},"end":{"line":36,"column":71}},"12":{"start":{"line":38,"column":8},"end":{"line":40,"column":76}},"13":{"start":{"line":43,"column":21},"end":{"line":43,"column":77}},"14":{"start":{"line":44,"column":4},"end":{"line":47,"column":5}},"15":{"start":{"line":45,"column":6},"end":{"line":45,"column":56}},"16":{"start":{"line":46,"column":6},"end":{"line":46,"column":46}},"17":{"start":{"line":48,"column":4},"end":{"line":48,"column":26}},"18":{"start":{"line":49,"column":4},"end":{"line":53,"column":7}},"19":{"start":{"line":55,"column":4},"end":{"line":55,"column":23}},"20":{"start":{"line":56,"column":4},"end":{"line":60,"column":7}},"21":{"start":{"line":65,"column":36},"end":{"line":87,"column":1}},"22":{"start":{"line":66,"column":2},"end":{"line":86,"column":3}},"23":{"start":{"line":67,"column":21},"end":{"line":72,"column":30}},"24":{"start":{"line":73,"column":4},"end":{"line":78,"column":7}},"25":{"start":{"line":80,"column":4},"end":{"line":80,"column":23}},"26":{"start":{"line":81,"column":4},"end":{"line":85,"column":7}},"27":{"start":{"line":89,"column":42},"end":{"line":116,"column":1}},"28":{"start":{"line":90,"column":2},"end":{"line":115,"column":3}},"29":{"start":{"line":91,"column":20},"end":{"line":94,"column":27}},"30":{"start":{"line":96,"column":4},"end":{"line":101,"column":5}},"31":{"start":{"line":97,"column":6},"end":{"line":100,"column":9}},"32":{"start":{"line":103,"column":4},"end":{"line":107,"column":7}},"33":{"start":{"line":109,"column":4},"end":{"line":109,"column":23}},"34":{"start":{"line":110,"column":4},"end":{"line":114,"column":7}},"35":{"start":{"line":119,"column":38},"end":{"line":150,"column":1}},"36":{"start":{"line":120,"column":2},"end":{"line":149,"column":3}},"37":{"start":{"line":121,"column":20},"end":{"line":121,"column":79}},"38":{"start":{"line":123,"column":4},"end":{"line":128,"column":5}},"39":{"start":{"line":124,"column":6},"end":{"line":127,"column":8}},"40":{"start":{"line":130,"column":4},"end":{"line":133,"column":5}},"41":{"start":{"line":131,"column":6},"end":{"line":131,"column":57}},"42":{"start":{"line":132,"column":6},"end":{"line":132,"column":54}},"43":{"start":{"line":135,"column":4},"end":{"line":135,"column":23}},"44":{"start":{"line":137,"column":4},"end":{"line":142,"column":5}},"45":{"start":{"line":138,"column":6},"end":{"line":141,"column":9}},"46":{"start":{"line":144,"column":4},"end":{"line":148,"column":7}},"47":{"start":{"line":153,"column":39},"end":{"line":168,"column":1}},"48":{"start":{"line":154,"column":2},"end":{"line":167,"column":3}},"49":{"start":{"line":155,"column":4},"end":{"line":155,"column":74}},"50":{"start":{"line":156,"column":4},"end":{"line":159,"column":7}},"51":{"start":{"line":161,"column":4},"end":{"line":161,"column":23}},"52":{"start":{"line":162,"column":4},"end":{"line":166,"column":7}},"53":{"start":{"line":171,"column":39},"end":{"line":217,"column":1}},"54":{"start":{"line":172,"column":2},"end":{"line":216,"column":3}},"55":{"start":{"line":174,"column":6},"end":{"line":174,"column":16}},"56":{"start":{"line":175,"column":22},"end":{"line":175,"column":31}},"57":{"start":{"line":177,"column":4},"end":{"line":192,"column":5}},"58":{"start":{"line":179,"column":8},"end":{"line":179,"column":67}},"59":{"start":{"line":181,"column":8},"end":{"line":181,"column":74}},"60":{"start":{"line":183,"column":8},"end":{"line":183,"column":68}},"61":{"start":{"line":185,"column":8},"end":{"line":185,"column":71}},"62":{"start":{"line":187,"column":8},"end":{"line":187,"column":71}},"63":{"start":{"line":189,"column":8},"end":{"line":191,"column":76}},"64":{"start":{"line":194,"column":21},"end":{"line":198,"column":5}},"65":{"start":{"line":199,"column":4},"end":{"line":202,"column":5}},"66":{"start":{"line":200,"column":6},"end":{"line":200,"column":56}},"67":{"start":{"line":201,"column":6},"end":{"line":201,"column":46}},"68":{"start":{"line":203,"column":4},"end":{"line":203,"column":26}},"69":{"start":{"line":204,"column":4},"end":{"line":208,"column":7}},"70":{"start":{"line":210,"column":4},"end":{"line":210,"column":23}},"71":{"start":{"line":211,"column":4},"end":{"line":215,"column":7}},"72":{"start":{"line":220,"column":40},"end":{"line":239,"column":1}},"73":{"start":{"line":221,"column":2},"end":{"line":238,"column":3}},"74":{"start":{"line":222,"column":31},"end":{"line":222,"column":39}},"75":{"start":{"line":223,"column":15},"end":{"line":223,"column":17}},"76":{"start":{"line":224,"column":4},"end":{"line":224,"column":52}},"77":{"start":{"line":224,"column":28},"end":{"line":224,"column":52}},"78":{"start":{"line":225,"column":4},"end":{"line":225,"column":70}},"79":{"start":{"line":225,"column":22},"end":{"line":225,"column":70}},"80":{"start":{"line":226,"column":21},"end":{"line":226,"column":50}},"81":{"start":{"line":227,"column":4},"end":{"line":230,"column":7}},"82":{"start":{"line":232,"column":4},"end":{"line":232,"column":23}},"83":{"start":{"line":233,"column":4},"end":{"line":237,"column":7}},"84":{"start":{"line":242,"column":38},"end":{"line":257,"column":1}},"85":{"start":{"line":243,"column":2},"end":{"line":256,"column":3}},"86":{"start":{"line":244,"column":18},"end":{"line":244,"column":70}},"87":{"start":{"line":245,"column":4},"end":{"line":248,"column":7}},"88":{"start":{"line":250,"column":4},"end":{"line":250,"column":23}},"89":{"start":{"line":251,"column":4},"end":{"line":255,"column":7}},"90":{"start":{"line":260,"column":37},"end":{"line":282,"column":1}},"91":{"start":{"line":261,"column":2},"end":{"line":281,"column":3}},"92":{"start":{"line":262,"column":20},"end":{"line":262,"column":21}},"93":{"start":{"line":263,"column":17},"end":{"line":263,"column":54}},"94":{"start":{"line":264,"column":21},"end":{"line":269,"column":30}},"95":{"start":{"line":270,"column":4},"end":{"line":273,"column":7}},"96":{"start":{"line":275,"column":4},"end":{"line":275,"column":23}},"97":{"start":{"line":276,"column":4},"end":{"line":280,"column":7}},"98":{"start":{"line":285,"column":39},"end":{"line":305,"column":1}},"99":{"start":{"line":286,"column":2},"end":{"line":304,"column":3}},"100":{"start":{"line":287,"column":24},"end":{"line":287,"column":34}},"101":{"start":{"line":288,"column":20},"end":{"line":295,"column":23}},"102":{"start":{"line":296,"column":4},"end":{"line":296,"column":22}},"103":{"start":{"line":298,"column":4},"end":{"line":298,"column":23}},"104":{"start":{"line":299,"column":4},"end":{"line":303,"column":7}},"105":{"start":{"line":308,"column":40},"end":{"line":339,"column":1}},"106":{"start":{"line":309,"column":2},"end":{"line":338,"column":3}},"107":{"start":{"line":310,"column":25},"end":{"line":310,"column":35}},"108":{"start":{"line":312,"column":21},"end":{"line":319,"column":27}},"109":{"start":{"line":320,"column":4},"end":{"line":323,"column":7}},"110":{"start":{"line":325,"column":4},"end":{"line":325,"column":23}},"111":{"start":{"line":327,"column":4},"end":{"line":332,"column":5}},"112":{"start":{"line":328,"column":6},"end":{"line":331,"column":9}},"113":{"start":{"line":333,"column":4},"end":{"line":337,"column":7}},"114":{"start":{"line":342,"column":41},"end":{"line":366,"column":1}},"115":{"start":{"line":343,"column":2},"end":{"line":365,"column":3}},"116":{"start":{"line":344,"column":21},"end":{"line":344,"column":75}},"117":{"start":{"line":345,"column":4},"end":{"line":351,"column":5}},"118":{"start":{"line":346,"column":6},"end":{"line":349,"column":9}},"119":{"start":{"line":350,"column":6},"end":{"line":350,"column":13}},"120":{"start":{"line":352,"column":21},"end":{"line":352,"column":79}},"121":{"start":{"line":353,"column":4},"end":{"line":357,"column":7}},"122":{"start":{"line":359,"column":4},"end":{"line":359,"column":23}},"123":{"start":{"line":360,"column":4},"end":{"line":364,"column":7}},"124":{"start":{"line":370,"column":40},"end":{"line":382,"column":1}},"125":{"start":{"line":371,"column":2},"end":{"line":381,"column":3}},"126":{"start":{"line":372,"column":4},"end":{"line":378,"column":7}},"127":{"start":{"line":373,"column":6},"end":{"line":377,"column":7}},"128":{"start":{"line":374,"column":8},"end":{"line":374,"column":34}},"129":{"start":{"line":376,"column":8},"end":{"line":376,"column":27}},"130":{"start":{"line":380,"column":4},"end":{"line":380,"column":23}},"131":{"start":{"line":385,"column":42},"end":{"line":416,"column":1}},"132":{"start":{"line":386,"column":2},"end":{"line":415,"column":3}},"133":{"start":{"line":387,"column":28},"end":{"line":387,"column":36}},"134":{"start":{"line":388,"column":16},"end":{"line":388,"column":17}},"135":{"start":{"line":389,"column":4},"end":{"line":391,"column":7}},"136":{"start":{"line":390,"column":6},"end":{"line":390,"column":23}},"137":{"start":{"line":392,"column":25},"end":{"line":412,"column":5}},"138":{"start":{"line":401,"column":8},"end":{"line":410,"column":9}},"139":{"start":{"line":402,"column":24},"end":{"line":406,"column":19}},"140":{"start":{"line":407,"column":10},"end":{"line":407,"column":33}},"141":{"start":{"line":409,"column":10},"end":{"line":409,"column":38}},"142":{"start":{"line":414,"column":4},"end":{"line":414,"column":23}}},"fnMap":{"0":{"name":"(anonymous_0)","decl":{"start":{"line":20,"column":39},"end":{"line":20,"column":40}},"loc":{"start":{"line":20,"column":59},"end":{"line":62,"column":1}},"line":20},"1":{"name":"(anonymous_1)","decl":{"start":{"line":65,"column":36},"end":{"line":65,"column":37}},"loc":{"start":{"line":65,"column":56},"end":{"line":87,"column":1}},"line":65},"2":{"name":"(anonymous_2)","decl":{"start":{"line":89,"column":42},"end":{"line":89,"column":43}},"loc":{"start":{"line":89,"column":62},"end":{"line":116,"column":1}},"line":89},"3":{"name":"(anonymous_3)","decl":{"start":{"line":119,"column":38},"end":{"line":119,"column":39}},"loc":{"start":{"line":119,"column":58},"end":{"line":150,"column":1}},"line":119},"4":{"name":"(anonymous_4)","decl":{"start":{"line":153,"column":39},"end":{"line":153,"column":40}},"loc":{"start":{"line":153,"column":59},"end":{"line":168,"column":1}},"line":153},"5":{"name":"(anonymous_5)","decl":{"start":{"line":171,"column":39},"end":{"line":171,"column":40}},"loc":{"start":{"line":171,"column":59},"end":{"line":217,"column":1}},"line":171},"6":{"name":"(anonymous_6)","decl":{"start":{"line":220,"column":40},"end":{"line":220,"column":41}},"loc":{"start":{"line":220,"column":60},"end":{"line":239,"column":1}},"line":220},"7":{"name":"(anonymous_7)","decl":{"start":{"line":242,"column":38},"end":{"line":242,"column":39}},"loc":{"start":{"line":242,"column":58},"end":{"line":257,"column":1}},"line":242},"8":{"name":"(anonymous_8)","decl":{"start":{"line":260,"column":37},"end":{"line":260,"column":38}},"loc":{"start":{"line":260,"column":57},"end":{"line":282,"column":1}},"line":260},"9":{"name":"(anonymous_9)","decl":{"start":{"line":285,"column":39},"end":{"line":285,"column":40}},"loc":{"start":{"line":285,"column":59},"end":{"line":305,"column":1}},"line":285},"10":{"name":"(anonymous_10)","decl":{"start":{"line":308,"column":40},"end":{"line":308,"column":41}},"loc":{"start":{"line":308,"column":60},"end":{"line":339,"column":1}},"line":308},"11":{"name":"(anonymous_11)","decl":{"start":{"line":342,"column":41},"end":{"line":342,"column":42}},"loc":{"start":{"line":342,"column":61},"end":{"line":366,"column":1}},"line":342},"12":{"name":"(anonymous_12)","decl":{"start":{"line":370,"column":40},"end":{"line":370,"column":41}},"loc":{"start":{"line":370,"column":60},"end":{"line":382,"column":1}},"line":370},"13":{"name":"(anonymous_13)","decl":{"start":{"line":372,"column":37},"end":{"line":372,"column":38}},"loc":{"start":{"line":372,"column":62},"end":{"line":378,"column":5}},"line":372},"14":{"name":"(anonymous_14)","decl":{"start":{"line":385,"column":42},"end":{"line":385,"column":43}},"loc":{"start":{"line":385,"column":62},"end":{"line":416,"column":1}},"line":385},"15":{"name":"(anonymous_15)","decl":{"start":{"line":389,"column":13},"end":{"line":389,"column":14}},"loc":{"start":{"line":389,"column":20},"end":{"line":391,"column":5}},"line":389},"16":{"name":"(anonymous_16)","decl":{"start":{"line":400,"column":6},"end":{"line":400,"column":7}},"loc":{"start":{"line":400,"column":31},"end":{"line":411,"column":7}},"line":400}},"branchMap":{"0":{"loc":{"start":{"line":26,"column":4},"end":{"line":41,"column":5}},"type":"switch","locations":[{"start":{"line":27,"column":6},"end":{"line":28,"column":67}},{"start":{"line":29,"column":6},"end":{"line":30,"column":74}},{"start":{"line":31,"column":6},"end":{"line":32,"column":68}},{"start":{"line":33,"column":6},"end":{"line":34,"column":71}},{"start":{"line":35,"column":6},"end":{"line":36,"column":71}},{"start":{"line":37,"column":6},"end":{"line":40,"column":76}}],"line":26},"1":{"loc":{"start":{"line":37,"column":11},"end":{"line":37,"column":40}},"type":"binary-expr","locations":[{"start":{"line":37,"column":11},"end":{"line":37,"column":16}},{"start":{"line":37,"column":20},"end":{"line":37,"column":40}}],"line":37},"2":{"loc":{"start":{"line":44,"column":4},"end":{"line":47,"column":5}},"type":"if","locations":[{"start":{"line":44,"column":4},"end":{"line":47,"column":5}},{"start":{},"end":{}}],"line":44},"3":{"loc":{"start":{"line":96,"column":4},"end":{"line":101,"column":5}},"type":"if","locations":[{"start":{"line":96,"column":4},"end":{"line":101,"column":5}},{"start":{},"end":{}}],"line":96},"4":{"loc":{"start":{"line":123,"column":4},"end":{"line":128,"column":5}},"type":"if","locations":[{"start":{"line":123,"column":4},"end":{"line":128,"column":5}},{"start":{},"end":{}}],"line":123},"5":{"loc":{"start":{"line":130,"column":4},"end":{"line":133,"column":5}},"type":"if","locations":[{"start":{"line":130,"column":4},"end":{"line":133,"column":5}},{"start":{},"end":{}}],"line":130},"6":{"loc":{"start":{"line":137,"column":4},"end":{"line":142,"column":5}},"type":"if","locations":[{"start":{"line":137,"column":4},"end":{"line":142,"column":5}},{"start":{},"end":{}}],"line":137},"7":{"loc":{"start":{"line":177,"column":4},"end":{"line":192,"column":5}},"type":"switch","locations":[{"start":{"line":178,"column":6},"end":{"line":179,"column":67}},{"start":{"line":180,"column":6},"end":{"line":181,"column":74}},{"start":{"line":182,"column":6},"end":{"line":183,"column":68}},{"start":{"line":184,"column":6},"end":{"line":185,"column":71}},{"start":{"line":186,"column":6},"end":{"line":187,"column":71}},{"start":{"line":188,"column":6},"end":{"line":191,"column":76}}],"line":177},"8":{"loc":{"start":{"line":188,"column":11},"end":{"line":188,"column":40}},"type":"binary-expr","locations":[{"start":{"line":188,"column":11},"end":{"line":188,"column":16}},{"start":{"line":188,"column":20},"end":{"line":188,"column":40}}],"line":188},"9":{"loc":{"start":{"line":199,"column":4},"end":{"line":202,"column":5}},"type":"if","locations":[{"start":{"line":199,"column":4},"end":{"line":202,"column":5}},{"start":{},"end":{}}],"line":199},"10":{"loc":{"start":{"line":224,"column":4},"end":{"line":224,"column":52}},"type":"if","locations":[{"start":{"line":224,"column":4},"end":{"line":224,"column":52}},{"start":{},"end":{}}],"line":224},"11":{"loc":{"start":{"line":225,"column":4},"end":{"line":225,"column":70}},"type":"if","locations":[{"start":{"line":225,"column":4},"end":{"line":225,"column":70}},{"start":{},"end":{}}],"line":225},"12":{"loc":{"start":{"line":263,"column":17},"end":{"line":263,"column":54}},"type":"cond-expr","locations":[{"start":{"line":263,"column":35},"end":{"line":263,"column":50}},{"start":{"line":263,"column":53},"end":{"line":263,"column":54}}],"line":263},"13":{"loc":{"start":{"line":327,"column":4},"end":{"line":332,"column":5}},"type":"if","locations":[{"start":{"line":327,"column":4},"end":{"line":332,"column":5}},{"start":{},"end":{}}],"line":327},"14":{"loc":{"start":{"line":345,"column":4},"end":{"line":351,"column":5}},"type":"if","locations":[{"start":{"line":345,"column":4},"end":{"line":351,"column":5}},{"start":{},"end":{}}],"line":345},"15":{"loc":{"start":{"line":373,"column":6},"end":{"line":377,"column":7}},"type":"if","locations":[{"start":{"line":373,"column":6},"end":{"line":377,"column":7}},{"start":{"line":375,"column":13},"end":{"line":377,"column":7}}],"line":373},"16":{"loc":{"start":{"line":401,"column":8},"end":{"line":410,"column":9}},"type":"if","locations":[{"start":{"line":401,"column":8},"end":{"line":410,"column":9}},{"start":{"line":408,"column":15},"end":{"line":410,"column":9}}],"line":401}},"s":{"0":1,"1":1,"2":1,"3":8,"4":8,"5":8,"6":8,"7":1,"8":1,"9":1,"10":1,"11":1,"12":1,"13":2,"14":2,"15":2,"16":2,"17":2,"18":1,"19":1,"20":1,"21":1,"22":2,"23":2,"24":1,"25":1,"26":1,"27":1,"28":3,"29":3,"30":2,"31":1,"32":1,"33":1,"34":1,"35":1,"36":4,"37":4,"38":2,"39":1,"40":1,"41":1,"42":1,"43":2,"44":2,"45":1,"46":1,"47":1,"48":2,"49":2,"50":1,"51":1,"52":1,"53":1,"54":8,"55":8,"56":8,"57":8,"58":1,"59":1,"60":1,"61":1,"62":1,"63":1,"64":2,"65":1,"66":1,"67":1,"68":1,"69":1,"70":1,"71":1,"72":1,"73":0,"74":0,"75":0,"76":0,"77":0,"78":0,"79":0,"80":0,"81":0,"82":0,"83":0,"84":1,"85":0,"86":0,"87":0,"88":0,"89":0,"90":1,"91":0,"92":0,"93":0,"94":0,"95":0,"96":0,"97":0,"98":1,"99":0,"100":0,"101":0,"102":0,"103":0,"104":0,"105":1,"106":5,"107":5,"108":5,"109":1,"110":4,"111":4,"112":3,"113":1,"114":1,"115":3,"116":3,"117":2,"118":1,"119":1,"120":1,"121":1,"122":1,"123":1,"124":1,"125":2,"126":2,"127":2,"128":1,"129":1,"130":0,"131":1,"132":2,"133":2,"134":2,"135":2,"136":2,"137":2,"138":2,"139":1,"140":1,"141":1,"142":0},"f":{"0":8,"1":2,"2":3,"3":4,"4":2,"5":8,"6":0,"7":0,"8":0,"9":0,"10":5,"11":3,"12":2,"13":2,"14":2,"15":2,"16":2},"b":{"0":[1,1,1,1,1,1],"1":[3,3],"2":[2,0],"3":[1,1],"4":[1,1],"5":[1,0],"6":[1,1],"7":[1,1,1,1,1,1],"8":[3,3],"9":[1,0],"10":[0,0],"11":[0,0],"12":[0,0],"13":[3,1],"14":[1,1],"15":[1,1],"16":[1,1]},"_coverageSchema":"1a1c01bbd47fc00a2c39e90264f33305004495a9","hash":"387e5176c9ab65cf0d48fbe7779fe775c00378d3"}
}
