TN:
SF:client\src\components\Footer.js
FN:4,(anonymous_0)
FNF:1
FNH:1
FNDA:27,(anonymous_0)
DA:4,2
DA:5,27
LF:2
LH:2
BRF:0
BRH:0
end_of_record
TN:
SF:client\src\components\Header.js
FN:10,(anonymous_0)
FN:14,(anonymous_1)
FN:63,(anonymous_2)
FNF:3
FNH:1
FNDA:27,(anonymous_0)
FNDA:0,(anonymous_1)
FNDA:0,(anonymous_2)
DA:10,2
DA:11,27
DA:12,27
DA:13,27
DA:14,27
DA:15,0
DA:20,0
DA:21,0
DA:23,27
DA:64,0
LF:10
LH:6
BRDA:76,0,0,27
BRDA:76,0,1,0
BRDA:105,1,0,0
BRDA:105,1,1,0
BRF:4
BRH:1
end_of_record
TN:
SF:client\src\components\Layout.js
FN:8,(anonymous_0)
FNF:1
FNH:1
FNDA:27,(anonymous_0)
DA:8,2
DA:9,27
DA:28,2
LF:3
LH:3
BRF:0
BRH:0
end_of_record
TN:
SF:client\src\components\Form\SearchInput.js
FN:5,(anonymous_0)
FN:9,(anonymous_1)
FN:30,(anonymous_2)
FNF:3
FNH:1
FNDA:27,(anonymous_0)
FNDA:0,(anonymous_1)
FNDA:0,(anonymous_2)
DA:5,2
DA:6,27
DA:7,27
DA:9,27
DA:10,0
DA:11,0
DA:12,0
DA:15,0
DA:16,0
DA:18,0
DA:21,27
DA:30,0
LF:12
LH:5
BRF:0
BRH:0
end_of_record
TN:
SF:client\src\pages\Auth\Login.js
FN:9,(anonymous_0)
FN:20,(anonymous_1)
FN:62,(anonymous_2)
FN:73,(anonymous_3)
FN:84,(anonymous_4)
FNF:5
FNH:4
FNDA:11,(anonymous_0)
FNDA:2,(anonymous_1)
FNDA:3,(anonymous_2)
FNDA:3,(anonymous_3)
FNDA:0,(anonymous_4)
DA:9,1
DA:10,11
DA:11,11
DA:12,11
DA:15,11
DA:16,11
DA:20,11
DA:21,2
DA:22,2
DA:23,2
DA:27,1
DA:28,1
DA:36,1
DA:41,1
DA:42,1
DA:44,0
DA:47,1
DA:48,1
DA:51,11
DA:62,3
DA:73,3
DA:85,0
LF:22
LH:20
BRDA:27,0,0,1
BRDA:27,0,1,0
BRDA:27,1,0,1
BRDA:27,1,1,1
BRDA:28,2,0,1
BRDA:28,2,1,1
BRDA:42,3,0,1
BRDA:42,3,1,1
BRF:8
BRH:7
end_of_record
TN:
SF:client\src\pages\Auth\Register.js
FN:7,(anonymous_0)
FN:18,(anonymous_1)
FN:51,(anonymous_2)
FN:63,(anonymous_3)
FN:74,(anonymous_4)
FN:85,(anonymous_5)
FN:96,(anonymous_6)
FN:107,(anonymous_7)
FN:118,(anonymous_8)
FNF:9
FNH:9
FNDA:16,(anonymous_0)
FNDA:2,(anonymous_1)
FNDA:2,(anonymous_2)
FNDA:2,(anonymous_3)
FNDA:2,(anonymous_4)
FNDA:2,(anonymous_5)
FNDA:2,(anonymous_6)
FNDA:2,(anonymous_7)
FNDA:2,(anonymous_8)
DA:7,1
DA:8,16
DA:9,16
DA:10,16
DA:11,16
DA:12,16
DA:13,16
DA:14,16
DA:15,16
DA:18,16
DA:19,2
DA:20,2
DA:21,2
DA:30,1
DA:31,1
DA:32,1
DA:34,0
DA:37,1
DA:38,1
DA:42,16
DA:51,2
DA:63,2
DA:74,2
DA:85,2
DA:96,2
DA:107,2
DA:118,2
LF:27
LH:26
BRDA:30,0,0,1
BRDA:30,0,1,0
BRDA:30,1,0,1
BRDA:30,1,1,1
BRF:4
BRH:3
end_of_record
TN:
SF:controllers\authController.js
FN:7,(anonymous_0)
FN:66,(anonymous_1)
FN:120,(anonymous_2)
FN:158,(anonymous_3)
FN:168,(anonymous_4)
FN:203,(anonymous_5)
FN:220,(anonymous_6)
FN:239,(anonymous_7)
FNF:8
FNH:1
FNDA:1,(anonymous_0)
FNDA:0,(anonymous_1)
FNDA:0,(anonymous_2)
FNDA:0,(anonymous_3)
FNDA:0,(anonymous_4)
FNDA:0,(anonymous_5)
FNDA:0,(anonymous_6)
FNDA:0,(anonymous_7)
DA:7,1
DA:8,1
DA:9,1
DA:11,1
DA:12,0
DA:14,1
DA:15,0
DA:17,1
DA:18,0
DA:20,1
DA:21,0
DA:23,1
DA:24,0
DA:26,1
DA:27,0
DA:30,1
DA:32,1
DA:33,0
DA:39,1
DA:41,1
DA:50,1
DA:56,0
DA:57,0
DA:66,1
DA:67,0
DA:68,0
DA:70,0
DA:71,0
DA:77,0
DA:78,0
DA:79,0
DA:84,0
DA:85,0
DA:86,0
DA:92,0
DA:95,0
DA:109,0
DA:110,0
DA:120,1
DA:121,0
DA:122,0
DA:123,0
DA:124,0
DA:126,0
DA:127,0
DA:129,0
DA:130,0
DA:133,0
DA:135,0
DA:136,0
DA:141,0
DA:142,0
DA:143,0
DA:148,0
DA:149,0
DA:158,1
DA:159,0
DA:160,0
DA:162,0
DA:163,0
DA:168,1
DA:169,0
DA:170,0
DA:171,0
DA:173,0
DA:174,0
DA:176,0
DA:177,0
DA:187,0
DA:193,0
DA:194,0
DA:203,1
DA:204,0
DA:205,0
DA:209,0
DA:211,0
DA:212,0
DA:220,1
DA:221,0
DA:222,0
DA:227,0
DA:229,0
DA:230,0
DA:239,1
DA:240,0
DA:241,0
DA:242,0
DA:243,0
DA:248,0
DA:250,0
DA:251,0
LF:91
LH:21
BRDA:11,0,0,0
BRDA:11,0,1,1
BRDA:14,1,0,0
BRDA:14,1,1,1
BRDA:17,2,0,0
BRDA:17,2,1,1
BRDA:20,3,0,0
BRDA:20,3,1,1
BRDA:23,4,0,0
BRDA:23,4,1,1
BRDA:26,5,0,0
BRDA:26,5,1,1
BRDA:32,6,0,0
BRDA:32,6,1,1
BRDA:70,7,0,0
BRDA:70,7,1,0
BRDA:70,8,0,0
BRDA:70,8,1,0
BRDA:78,9,0,0
BRDA:78,9,1,0
BRDA:85,10,0,0
BRDA:85,10,1,0
BRDA:123,11,0,0
BRDA:123,11,1,0
BRDA:126,12,0,0
BRDA:126,12,1,0
BRDA:129,13,0,0
BRDA:129,13,1,0
BRDA:135,14,0,0
BRDA:135,14,1,0
BRDA:173,15,0,0
BRDA:173,15,1,0
BRDA:173,16,0,0
BRDA:173,16,1,0
BRDA:176,17,0,0
BRDA:176,17,1,0
BRDA:180,18,0,0
BRDA:180,18,1,0
BRDA:181,19,0,0
BRDA:181,19,1,0
BRDA:182,20,0,0
BRDA:182,20,1,0
BRDA:183,21,0,0
BRDA:183,21,1,0
BRF:44
BRH:7
end_of_record
TN:
SF:helpers\authHelper.js
FN:3,(anonymous_0)
FN:14,(anonymous_1)
FNF:2
FNH:1
FNDA:1,(anonymous_0)
FNDA:0,(anonymous_1)
DA:3,1
DA:4,1
DA:5,1
DA:6,1
DA:7,1
DA:10,0
DA:14,1
DA:15,0
LF:8
LH:6
BRF:0
BRH:0
end_of_record
TN:
SF:models\orderModel.js
FNF:0
FNH:0
DA:3,1
LF:1
LH:1
BRF:0
BRH:0
end_of_record
TN:
SF:models\userModel.js
FNF:0
FNH:0
DA:3,1
LF:1
LH:1
BRF:0
BRH:0
end_of_record
