TN:
SF:controllers/authController.js
FN:7,(anonymous_0)
FN:71,(anonymous_1)
FN:125,(anonymous_2)
FN:163,(anonymous_3)
FN:173,(anonymous_4)
FN:208,(anonymous_5)
FN:225,(anonymous_6)
FN:244,(anonymous_7)
FNF:8
FNH:1
FNDA:9,(anonymous_0)
FNDA:0,(anonymous_1)
FNDA:0,(anonymous_2)
FNDA:0,(anonymous_3)
FNDA:0,(anonymous_4)
FNDA:0,(anonymous_5)
FNDA:0,(anonymous_6)
FNDA:0,(anonymous_7)
DA:7,1
DA:8,9
DA:9,9
DA:11,9
DA:12,1
DA:14,8
DA:15,1
DA:18,7
DA:19,7
DA:20,1
DA:22,6
DA:23,1
DA:25,5
DA:26,1
DA:28,4
DA:29,1
DA:31,3
DA:32,1
DA:35,2
DA:37,2
DA:38,1
DA:44,1
DA:46,1
DA:55,1
DA:61,0
DA:62,0
DA:71,1
DA:72,0
DA:73,0
DA:75,0
DA:76,0
DA:82,0
DA:83,0
DA:84,0
DA:89,0
DA:90,0
DA:91,0
DA:97,0
DA:100,0
DA:114,0
DA:115,0
DA:125,1
DA:126,0
DA:127,0
DA:128,0
DA:129,0
DA:131,0
DA:132,0
DA:134,0
DA:135,0
DA:138,0
DA:140,0
DA:141,0
DA:146,0
DA:147,0
DA:148,0
DA:153,0
DA:154,0
DA:163,1
DA:164,0
DA:165,0
DA:167,0
DA:168,0
DA:173,1
DA:174,0
DA:175,0
DA:176,0
DA:178,0
DA:179,0
DA:181,0
DA:182,0
DA:192,0
DA:198,0
DA:199,0
DA:208,1
DA:209,0
DA:210,0
DA:214,0
DA:216,0
DA:217,0
DA:225,1
DA:226,0
DA:227,0
DA:232,0
DA:234,0
DA:235,0
DA:244,1
DA:245,0
DA:246,0
DA:247,0
DA:248,0
DA:253,0
DA:255,0
DA:256,0
LF:94
LH:31
BRDA:11,0,0,1
BRDA:11,0,1,8
BRDA:14,1,0,1
BRDA:14,1,1,7
BRDA:19,2,0,1
BRDA:19,2,1,6
BRDA:22,3,0,1
BRDA:22,3,1,5
BRDA:25,4,0,1
BRDA:25,4,1,4
BRDA:28,5,0,1
BRDA:28,5,1,3
BRDA:31,6,0,1
BRDA:31,6,1,2
BRDA:37,7,0,1
BRDA:37,7,1,1
BRDA:75,8,0,0
BRDA:75,8,1,0
BRDA:75,9,0,0
BRDA:75,9,1,0
BRDA:83,10,0,0
BRDA:83,10,1,0
BRDA:90,11,0,0
BRDA:90,11,1,0
BRDA:128,12,0,0
BRDA:128,12,1,0
BRDA:131,13,0,0
BRDA:131,13,1,0
BRDA:134,14,0,0
BRDA:134,14,1,0
BRDA:140,15,0,0
BRDA:140,15,1,0
BRDA:178,16,0,0
BRDA:178,16,1,0
BRDA:178,17,0,0
BRDA:178,17,1,0
BRDA:181,18,0,0
BRDA:181,18,1,0
BRDA:185,19,0,0
BRDA:185,19,1,0
BRDA:186,20,0,0
BRDA:186,20,1,0
BRDA:187,21,0,0
BRDA:187,21,1,0
BRDA:188,22,0,0
BRDA:188,22,1,0
BRF:46
BRH:16
end_of_record
TN:
SF:controllers/categoryController.js
FN:3,(anonymous_0)
FN:36,(anonymous_1)
FN:75,(anonymous_2)
FN:94,(anonymous_3)
FN:113,(anonymous_4)
FNF:5
FNH:5
FNDA:4,(anonymous_0)
FNDA:4,(anonymous_1)
FNDA:3,(anonymous_2)
FNDA:2,(anonymous_3)
FNDA:3,(anonymous_4)
DA:3,1
DA:4,4
DA:5,4
DA:6,4
DA:7,1
DA:9,3
DA:10,2
DA:11,1
DA:16,1
DA:20,1
DA:26,1
DA:27,1
DA:36,1
DA:37,4
DA:38,4
DA:39,4
DA:40,1
DA:44,3
DA:45,3
DA:51,2
DA:52,1
DA:56,1
DA:59,1
DA:65,1
DA:66,1
DA:75,1
DA:76,3
DA:77,3
DA:78,2
DA:84,1
DA:85,1
DA:94,1
DA:95,2
DA:96,2
DA:97,1
DA:103,1
DA:104,1
DA:113,1
DA:114,3
DA:115,3
DA:116,3
DA:117,2
DA:118,1
DA:123,1
DA:129,1
DA:130,1
LF:46
LH:46
BRDA:6,0,0,1
BRDA:6,0,1,3
BRDA:10,1,0,1
BRDA:10,1,1,1
BRDA:39,2,0,1
BRDA:39,2,1,3
BRDA:51,3,0,1
BRDA:51,3,1,1
BRDA:117,4,0,1
BRDA:117,4,1,1
BRF:10
BRH:10
end_of_record
TN:
SF:controllers/productController.js
FN:20,(anonymous_0)
FN:65,(anonymous_1)
FN:89,(anonymous_2)
FN:119,(anonymous_3)
FN:153,(anonymous_4)
FN:171,(anonymous_5)
FN:220,(anonymous_6)
FN:242,(anonymous_7)
FN:260,(anonymous_8)
FN:285,(anonymous_9)
FN:308,(anonymous_10)
FN:342,(anonymous_11)
FN:370,(anonymous_12)
FN:372,(anonymous_13)
FN:385,(anonymous_14)
FN:389,(anonymous_15)
FN:400,(anonymous_16)
FNF:17
FNH:13
FNDA:8,(anonymous_0)
FNDA:2,(anonymous_1)
FNDA:3,(anonymous_2)
FNDA:4,(anonymous_3)
FNDA:2,(anonymous_4)
FNDA:8,(anonymous_5)
FNDA:0,(anonymous_6)
FNDA:0,(anonymous_7)
FNDA:0,(anonymous_8)
FNDA:0,(anonymous_9)
FNDA:5,(anonymous_10)
FNDA:3,(anonymous_11)
FNDA:2,(anonymous_12)
FNDA:2,(anonymous_13)
FNDA:2,(anonymous_14)
FNDA:2,(anonymous_15)
FNDA:2,(anonymous_16)
DA:10,1
DA:13,1
DA:20,1
DA:21,8
DA:23,8
DA:24,8
DA:26,8
DA:28,1
DA:30,1
DA:32,1
DA:34,1
DA:36,1
DA:38,1
DA:43,2
DA:44,2
DA:45,2
DA:46,2
DA:48,2
DA:49,1
DA:55,1
DA:56,1
DA:65,1
DA:66,2
DA:67,2
DA:73,1
DA:80,1
DA:81,1
DA:89,1
DA:90,3
DA:91,3
DA:96,2
DA:97,1
DA:103,1
DA:109,1
DA:110,1
DA:119,1
DA:120,4
DA:121,4
DA:123,2
DA:124,1
DA:130,1
DA:131,1
DA:132,1
DA:135,2
DA:137,2
DA:138,1
DA:144,1
DA:153,1
DA:154,2
DA:155,2
DA:156,1
DA:161,1
DA:162,1
DA:171,1
DA:172,8
DA:174,8
DA:175,8
DA:177,8
DA:179,1
DA:181,1
DA:183,1
DA:185,1
DA:187,1
DA:189,1
DA:194,2
DA:199,1
DA:200,1
DA:201,1
DA:203,1
DA:204,1
DA:210,1
DA:211,1
DA:220,1
DA:221,0
DA:222,0
DA:223,0
DA:224,0
DA:225,0
DA:226,0
DA:227,0
DA:232,0
DA:233,0
DA:242,1
DA:243,0
DA:244,0
DA:245,0
DA:250,0
DA:251,0
DA:260,1
DA:261,0
DA:262,0
DA:263,0
DA:264,0
DA:270,0
DA:275,0
DA:276,0
DA:285,1
DA:286,0
DA:287,0
DA:288,0
DA:296,0
DA:298,0
DA:299,0
DA:308,1
DA:309,5
DA:310,5
DA:312,5
DA:320,1
DA:325,4
DA:327,4
DA:328,3
DA:333,1
DA:342,1
DA:343,3
DA:344,3
DA:345,2
DA:346,1
DA:350,1
DA:352,1
DA:353,1
DA:359,1
DA:360,1
DA:370,1
DA:371,2
DA:372,2
DA:373,2
DA:374,1
DA:376,1
DA:380,0
DA:385,1
DA:386,2
DA:387,2
DA:388,2
DA:389,2
DA:390,2
DA:392,2
DA:401,2
DA:402,1
DA:407,1
DA:409,1
DA:414,0
LF:141
LH:112
BRDA:26,0,0,1
BRDA:26,0,1,1
BRDA:26,0,2,1
BRDA:26,0,3,1
BRDA:26,0,4,1
BRDA:26,0,5,1
BRDA:37,1,0,3
BRDA:37,1,1,3
BRDA:44,2,0,2
BRDA:44,2,1,0
BRDA:96,3,0,1
BRDA:96,3,1,1
BRDA:123,4,0,1
BRDA:123,4,1,1
BRDA:130,5,0,1
BRDA:130,5,1,0
BRDA:137,6,0,1
BRDA:137,6,1,1
BRDA:177,7,0,1
BRDA:177,7,1,1
BRDA:177,7,2,1
BRDA:177,7,3,1
BRDA:177,7,4,1
BRDA:177,7,5,1
BRDA:188,8,0,3
BRDA:188,8,1,3
BRDA:199,9,0,1
BRDA:199,9,1,0
BRDA:224,10,0,0
BRDA:224,10,1,0
BRDA:225,11,0,0
BRDA:225,11,1,0
BRDA:263,12,0,0
BRDA:263,12,1,0
BRDA:327,13,0,3
BRDA:327,13,1,1
BRDA:345,14,0,1
BRDA:345,14,1,1
BRDA:373,15,0,1
BRDA:373,15,1,1
BRDA:401,16,0,1
BRDA:401,16,1,1
BRF:42
BRH:33
end_of_record
